⠋ validating build...
[2K[1A[2K[G⠙ validating build...
[2K[1A[2K[G⠹ validating build...
[2K[1A[2K[G⠸ validating build...
[2K[1A[2K[G⠼ validating build...
[2K[1A[2K[G⠴ validating build...
[2K[1A[2K[G⠦ validating build...
[2K[1A[2K[G⠧ validating build...
[2K[1A[2K[G⠇ validating build...
[2K[1A[2K[G⠏ validating build...
[2K[1A[2K[G⠋ validating build...
[2K[1A[2K[G⠙ validating build...
[2K[1A[2K[G⠹ validating build...
[2K[1A[2K[G⠸ validating build...
[2K[1A[2K[G⠼ validating build...
[2K[1A[2K[G⠴ validating build...
[2K[1A[2K[G⠦ validating build...
[2K[1A[2K[G⠧ validating build...
[2K[1A[2K[G⠇ validating build...
[2K[1A[2K[G⠏ validating build...
[2K[1A[2K[G⠋ validating build...
[2K[1A[2K[G⠙ validating build...
[2K[1A[2K[G⠹ validating build...
[2K[1A[2K[G⠸ validating build...
[2K[1A[2K[G⠼ validating build...
[2K[1A[2K[G⠴ validating build...
[2K[1A[2K[G⠦ validating build...
[2K[1A[2K[G⠧ validating build...
[2K[1A[2K[G⠇ validating build...
[2K[1A[2K[G⠏ validating build...
[2K[1A[2K[G⠋ validating build...
[2K[1A[2K[G⠙ validating build...
[2K[1A[2K[G⠹ validating build...
[2K[1A[2K[G⠸ validating build...
[2K[1A[2K[G⠼ validating build...
[2K[1A[2K[G⠴ validating build...
[2K[1A[2K[G⠦ validating build...
[2K[1A[2K[G⠧ validating build...
[2K[1A[2K[G⠇ validating build...
[2K[1A[2K[G⠏ validating build...
[2K[1A[2K[G⠋ validating build...
[2K[1A[2K[G⠙ validating build...
[2K[1A[2K[G⠹ validating build...
[2K[1A[2K[G⠸ validating build...
[2K[1A[2K[G⠼ validating build...
[2K[1A[2K[G⠴ validating build...
[2K[1A[2K[G⠦ validating build...
[2K[1A[2K[G⠧ validating build...
[2K[1A[2K[G⠇ validating build...
[2K[1A[2K[G⠏ validating build...
[2K[1A[2K[G⠋ validating build...
[2K[1A[2K[G⠙ validating build...
[2K[1A[2K[G⠹ validating build...
[2K[1A[2K[G⠸ validating build...
[2K[1A[2K[G⠼ validating build...
[2K[1A[2K[G⠴ validating build...
[2K[1A[2K[G⠦ validating build...
[2K[1A[2K[G⠧ validating build...
[2K[1A[2K[G⠇ validating build...
[2K[1A[2K[G⠏ validating build...
[2K[1A[2K[G⠋ validating build...
[2K[1A[2K[G⠙ validating build...
[2K[1A[2K[G⠹ validating build...
[2K[1A[2K[G⠸ validating build...
[2K[1A[2K[G⠼ validating build...
[2K[1A[2K[G⠴ validating build...
[2K[1A[2K[G⠦ validating build...
[2K[1A[2K[G⠧ validating build...
[2K[1A[2K[G⠇ validating build...
[2K[1A[2K[G⠏ validating build...
[2K[1A[2K[G⠋ validating build...
[2K[1A[2K[G⠙ validating build...
[2K[1A[2K[G⠹ validating build...
[2K[1A[2K[G⠸ validating build...
[2K[1A[2K[G⠼ validating build...
[2K[1A[2K[G⠴ validating build...
[2K[1A[2K[G⠦ validating build...
[2K[1A[2K[G⠧ validating build...
[2K[1A[2K[G⠇ validating build...
[2K[1A[2K[G⠏ validating build...
[2K[1A[2K[G⠋ validating build...
[2K[1A[2K[G⠙ validating build...
[2K[1A[2K[G⠹ validating build...
[2K[1A[2K[G⠸ validating build...
[2K[1A[2K[G⠼ validating build...
[2K[1A[2K[G⠴ validating build...
[2K[1A[2K[G⠦ validating build...
[2K[1A[2K[G⠧ validating build...
[2K[1A[2K[G⠇ validating build...
[2K[1A[2K[G⠏ validating build...
[2K[1A[2K[G⠋ validating build...
[2K[1A[2K[G⠙ validating build...
[2K[1A[2K[G⠹ validating build...
[2K[1A[2K[G⠸ validating build...
[2K[1A[2K[G⠼ validating build...
[2K[1A[2K[G⠴ validating build...
[2K[1A[2K[G⠦ validating build...
[2K[1A[2K[G
parsing error .\support.mdx:154:2 - Unexpected character `!` (U+0021) before name, expected a character that can start a name, such as a letter, `$`, or `_` (note: to create a comment in MDX, use `{/* text */}`)
⠦ validating build...
[2K[1A[2K[G⠧ validating build...
[2K[1A[2K[G⠇ validating build...
[2K[1A[2K[G⠏ validating build...
[2K[1A[2K[G⠋ validating build...
[2K[1A[2K[G⠙ validating build...
[2K[1A[2K[G⠹ validating build...
[2K[1A[2K[G⠸ validating build...
[2K[1A[2K[G⠼ validating build...
[2K[1A[2K[G⠴ validating build...
[2K[1A[2K[G⠦ validating build...
[2K[1A[2K[G⠧ validating build...
[2K[1A[2K[G⠇ validating build...
[2K[1A[2K[G⠏ validating build...
[2K[1A[2K[G⠋ validating build...
[2K[1A[2K[G⠙ validating build...
[2K[1A[2K[G⠹ validating build...
[2K[1A[2K[Gwarning - "support" is referenced in the docs.json navigation but the file does not exist.
⠹ validating build...
[2K[1A[2K[Gerror Build validation failed with 1 warning(s). See above for details.
